
DECIMAL       HEXADECIMAL     DESCRIPTION
--------------------------------------------------------------------------------
0             0x0             Zip archive data, at least v1.0 to extract, compressed size: 443, uncompressed size: 443, name: ArcaneSoundEvents.cfg
510           0x1FE           Zip archive data, at least v1.0 to extract, compressed size: 1001, uncompressed size: 1001, name: BindableNeeds_CSR.cfg
1578          0x62A           Zip archive data, at least v1.0 to extract, compressed size: 5539, uncompressed size: 5539, name: BindableNeeds_General.cfg
7188          0x1C14          Zip archive data, at least v1.0 to extract, compressed size: 2565, uncompressed size: 2565, name: BindableNeeds_Socials.cfg
9824          0x2660          Zip archive data, at least v1.0 to extract, compressed size: 2856, uncompressed size: 2856, name: CharCreateRuneList.cfg
12748         0x31CC          Zip archive data, at least v1.0 to extract, compressed size: 257, uncompressed size: 257, name: ChannelThrottle.cfg
13070         0x330E          Zip archive data, at least v1.0 to extract, compressed size: 9811, uncompressed size: 9811, name: CompoundCurves.cfg
22945         0x59A1          Zip archive data, at least v1.0 to extract, compressed size: 3864, uncompressed size: 3864, name: Credits.cfg
26866         0x68F2          Zip archive data, at least v1.0 to extract, compressed size: 77, uncompressed size: 77, name: DeathMessages.cfg
27006         0x697E          Zip archive data, at least v1.0 to extract, compressed size: 284, uncompressed size: 284, name: DefaultSpeeds.cfg
27353         0x6AD9          Zip archive data, at least v2.0 to extract, compressed size: 752982, uncompressed size: 752867, name: Effects.cfg
780376        0xBE858         Zip archive data, at least v1.0 to extract, compressed size: 21371, uncompressed size: 21371, name: Emotes.cfg
801803        0xC3C0B         Zip archive data, at least v1.0 to extract, compressed size: 2936, uncompressed size: 2936, name: Guild_Restrictions.cfg
804807        0xC47C7         Zip archive data, at least v1.0 to extract, compressed size: 2937, uncompressed size: 2937, name: Guild_Restrictions.Aerynth.cfg
807820        0xC538C         Zip archive data, at least v1.0 to extract, compressed size: 2937, uncompressed size: 2937, name: Guild_Restrictions.Agony.cfg
810831        0xC5F4F         Zip archive data, at least v1.0 to extract, compressed size: 2937, uncompressed size: 2937, name: Guild_Restrictions.Anguish.cfg
813844        0xC6B14         Zip archive data, at least v1.0 to extract, compressed size: 2937, uncompressed size: 2937, name: Guild_Restrictions.Betrayal.cfg
816858        0xC76DA         Zip archive data, at least v1.0 to extract, compressed size: 2936, uncompressed size: 2936, name: Guild_Restrictions.Braialla.cfg
819871        0xC829F         Zip archive data, at least v1.0 to extract, compressed size: 2937, uncompressed size: 2937, name: Guild_Restrictions.Carnage.cfg
822884        0xC8E64         Zip archive data, at least v1.0 to extract, compressed size: 2937, uncompressed size: 2937, name: Guild_Restrictions.Cataclysm.cfg
825899        0xC9A2B         Zip archive data, at least v1.0 to extract, compressed size: 2937, uncompressed size: 2937, name: Guild_Restrictions.Chaos.cfg
828910        0xCA5EE         Zip archive data, at least v1.0 to extract, compressed size: 2937, uncompressed size: 2937, name: Guild_Restrictions.Contempt.cfg
831924        0xCB1B4         Zip archive data, at least v1.0 to extract, compressed size: 2937, uncompressed size: 2937, name: Guild_Restrictions.Corruption.cfg
834940        0xCBD7C         Zip archive data, at least v1.0 to extract, compressed size: 2937, uncompressed size: 2937, name: Guild_Restrictions.Cruelty.cfg
837953        0xCC941         Zip archive data, at least v1.0 to extract, compressed size: 2937, uncompressed size: 2937, name: Guild_Restrictions.Dalgoth.cfg
840966        0xCD506         Zip archive data, at least v1.0 to extract, compressed size: 2937, uncompressed size: 2937, name: Guild_Restrictions.Damnation.cfg
843981        0xCE0CD         Zip archive data, at least v1.0 to extract, compressed size: 2937, uncompressed size: 2937, name: Guild_Restrictions.Death.cfg
846992        0xCEC90         Zip archive data, at least v1.0 to extract, compressed size: 4345, uncompressed size: 4345, name: Guild_Restrictions.Decay.cfg
851411        0xCFDD3         Zip archive data, at least v1.0 to extract, compressed size: 2937, uncompressed size: 2937, name: Guild_Restrictions.Deception.cfg
854426        0xD099A         Zip archive data, at least v1.0 to extract, compressed size: 2937, uncompressed size: 2937, name: Guild_Restrictions.Desolation.cfg
857442        0xD1562         Zip archive data, at least v1.0 to extract, compressed size: 2937, uncompressed size: 2937, name: Guild_Restrictions.Despair.cfg
860455        0xD2127         Zip archive data, at least v1.0 to extract, compressed size: 2937, uncompressed size: 2937, name: Guild_Restrictions.Dread.cfg
863466        0xD2CEA         Zip archive data, at least v1.0 to extract, compressed size: 2937, uncompressed size: 2937, name: Guild_Restrictions.Entropy.cfg
866479        0xD38AF         Zip archive data, at least v1.0 to extract, compressed size: 2937, uncompressed size: 2937, name: Guild_Restrictions.Famine.cfg
869491        0xD4473         Zip archive data, at least v1.0 to extract, compressed size: 2937, uncompressed size: 2937, name: Guild_Restrictions.Fear.cfg
872501        0xD5035         Zip archive data, at least v1.0 to extract, compressed size: 2937, uncompressed size: 2937, name: Guild_Restrictions.Fury.cfg
875511        0xD5BF7         Zip archive data, at least v1.0 to extract, compressed size: 2937, uncompressed size: 2937, name: Guild_Restrictions.Grief.cfg
878522        0xD67BA         Zip archive data, at least v1.0 to extract, compressed size: 2937, uncompressed size: 2937, name: Guild_Restrictions.Guilt.cfg
881533        0xD737D         Zip archive data, at least v1.0 to extract, compressed size: 2937, uncompressed size: 2937, name: Guild_Restrictions.Hate.cfg
884543        0xD7F3F         Zip archive data, at least v1.0 to extract, compressed size: 2937, uncompressed size: 2937, name: Guild_Restrictions.Maelstrom.cfg
887558        0xD8B06         Zip archive data, at least v1.0 to extract, compressed size: 2937, uncompressed size: 2937, name: Guild_Restrictions.Malevolence.cfg
890575        0xD96CF         Zip archive data, at least v1.0 to extract, compressed size: 2937, uncompressed size: 2937, name: Guild_Restrictions.Malice.cfg
893587        0xDA293         Zip archive data, at least v1.0 to extract, compressed size: 2947, uncompressed size: 2947, name: Guild_Restrictions.Malog.cfg
896608        0xDAE60         Zip archive data, at least v1.0 to extract, compressed size: 2937, uncompressed size: 2937, name: Guild_Restrictions.Mayhem.cfg
899620        0xDBA24         Zip archive data, at least v1.0 to extract, compressed size: 2937, uncompressed size: 2937, name: Guild_Restrictions.Misery.cfg
902632        0xDC5E8         Zip archive data, at least v1.0 to extract, compressed size: 2936, uncompressed size: 2936, name: Guild_Restrictions.Morloch.cfg
905644        0xDD1AC         Zip archive data, at least v1.0 to extract, compressed size: 2936, uncompressed size: 2936, name: Guild_Restrictions.Mourning.cfg
908657        0xDDD71         Zip archive data, at least v1.0 to extract, compressed size: 2937, uncompressed size: 2937, name: Guild_Restrictions.Oblivion.cfg
911671        0xDE937         Zip archive data, at least v1.0 to extract, compressed size: 2937, uncompressed size: 2937, name: Guild_Restrictions.Pain.cfg
914681        0xDF4F9         Zip archive data, at least v1.0 to extract, compressed size: 2937, uncompressed size: 2937, name: Guild_Restrictions.Pestilence.cfg
917697        0xE00C1         Zip archive data, at least v1.0 to extract, compressed size: 2937, uncompressed size: 2937, name: Guild_Restrictions.Plague.cfg
920709        0xE0C85         Zip archive data, at least v1.0 to extract, compressed size: 2937, uncompressed size: 2937, name: Guild_Restrictions.QA.cfg
923717        0xE1845         Zip archive data, at least v1.0 to extract, compressed size: 2936, uncompressed size: 2936, name: Guild_Restrictions.Redemption.cfg
926732        0xE240C         Zip archive data, at least v1.0 to extract, compressed size: 2937, uncompressed size: 2937, name: Guild_Restrictions.Refuge.cfg
929744        0xE2FD0         Zip archive data, at least v1.0 to extract, compressed size: 4404, uncompressed size: 4404, name: Guild_Restrictions.Saedron.cfg
934224        0xE4150         Zip archive data, at least v1.0 to extract, compressed size: 2937, uncompressed size: 2937, name: Guild_Restrictions.Scorn.cfg
937235        0xE4D13         Zip archive data, at least v1.0 to extract, compressed size: 2937, uncompressed size: 2937, name: Guild_Restrictions.Sorrow.cfg
940247        0xE58D7         Zip archive data, at least v1.0 to extract, compressed size: 2936, uncompressed size: 2936, name: Guild_Restrictions.TEST.cfg
943256        0xE6498         Zip archive data, at least v1.0 to extract, compressed size: 2936, uncompressed size: 2936, name: Guild_Restrictions.Thurin.cfg
946267        0xE705B         Zip archive data, at least v1.0 to extract, compressed size: 2937, uncompressed size: 2937, name: Guild_Restrictions.Terror.cfg
949279        0xE7C1F         Zip archive data, at least v1.0 to extract, compressed size: 2937, uncompressed size: 2937, name: Guild_Restrictions.Torment.cfg
952292        0xE87E4         Zip archive data, at least v1.0 to extract, compressed size: 2937, uncompressed size: 2937, name: Guild_Restrictions.Treachery.cfg
955307        0xE93AB         Zip archive data, at least v1.0 to extract, compressed size: 4345, uncompressed size: 4345, name: Guild_Restrictions.Tyranny.cfg
959728        0xEA4F0         Zip archive data, at least v1.0 to extract, compressed size: 2937, uncompressed size: 2937, name: Guild_Restrictions.Vengeance.cfg
962743        0xEB0B7         Zip archive data, at least v1.0 to extract, compressed size: 4404, uncompressed size: 4404, name: Guild_Restrictions.Vindication.cfg
967227        0xEC23B         Zip archive data, at least v1.0 to extract, compressed size: 2937, uncompressed size: 2937, name: Guild_Restrictions.Vice.cfg
970237        0xECDFD         Zip archive data, at least v1.0 to extract, compressed size: 2937, uncompressed size: 2937, name: Guild_Restrictions.War.cfg
973246        0xED9BE         Zip archive data, at least v1.0 to extract, compressed size: 2937, uncompressed size: 2937, name: Guild_Restrictions.Woe.cfg
976255        0xEE57F         Zip archive data, at least v1.0 to extract, compressed size: 2936, uncompressed size: 2936, name: Guild_Restrictions.Wrath.cfg
979265        0xEF141         Zip archive data, at least v1.0 to extract, compressed size: 3096, uncompressed size: 3096, name: GuildGovConfig.cfg
982425        0xEFD99         Zip archive data, at least v1.0 to extract, compressed size: 5629, uncompressed size: 5629, name: GuildServerConfig.cfg
988121        0xF13D9         Zip archive data, at least v2.0 to extract, compressed size: 47242, uncompressed size: 47232, name: ItemHelp.txt
1035421       0xFCC9D         Zip archive data, at least v1.0 to extract, compressed size: 5847, uncompressed size: 5847, name: LoginSceen.cfg
1041328       0xFE3B0         Zip archive data, at least v1.0 to extract, compressed size: 187, uncompressed size: 187, name: Lookup_Color.cfg
1041577       0xFE4A9         Zip archive data, at least v1.0 to extract, compressed size: 238, uncompressed size: 238, name: Lookup_Pattern.cfg
1041879       0xFE5D7         Zip archive data, at least v1.0 to extract, compressed size: 2158, uncompressed size: 2158, name: Lookup_Symbol.cfg
1044100       0xFEE84         Zip archive data, at least v2.0 to extract, compressed size: 8081, uncompressed size: 8076, name: ModTypes.cfg
1052223       0x100E3F        Zip archive data, at least v1.0 to extract, compressed size: 357, uncompressed size: 357, name: PassiveMessageCategories.cfg
1052654       0x100FEE        Zip archive data, at least v1.0 to extract, compressed size: 31657, uncompressed size: 31657, name: PassiveMessageText.cfg
1084379       0x108BDB        Zip archive data, at least v1.0 to extract, compressed size: 1438, uncompressed size: 1438, name: PlayerRewards.cfg
1085880       0x1091B8        Zip archive data, at least v2.0 to extract, compressed size: 47685, uncompressed size: 47675, name: PowActionCostInfo.cfg
1133632       0x114C40        Zip archive data, at least v2.0 to extract, compressed size: 271217, uncompressed size: 271172, name: PowerActions.cfg
1404895       0x156FDF        Zip archive data, at least v2.0 to extract, compressed size: 1252191, uncompressed size: 1251996, name: Powers.cfg
2657126       0x288B66        Zip archive data, at least v1.0 to extract, compressed size: 4121, uncompressed size: 4121, name: profanity.cfg
2661306       0x289BBA        Zip archive data, at least v1.0 to extract, compressed size: 3434, uncompressed size: 3434, name: RaceClassDiscTalents.cfg
2664810       0x28A96A        Zip archive data, at least v1.0 to extract, compressed size: 336, uncompressed size: 336, name: Ranks_Amazon.cfg
2665208       0x28AAF8        Zip archive data, at least v1.0 to extract, compressed size: 244, uncompressed size: 244, name: Ranks_Aracoix.cfg
2665515       0x28AC2B        Zip archive data, at least v1.0 to extract, compressed size: 250, uncompressed size: 250, name: Ranks_Barbarian.cfg
2665830       0x28AD66        Zip archive data, at least v1.0 to extract, compressed size: 424, uncompressed size: 424, name: Ranks_Cathedral.cfg
2666319       0x28AF4F        Zip archive data, at least v1.0 to extract, compressed size: 184, uncompressed size: 184, name: Ranks_Centaur.cfg
2666566       0x28B046        Zip archive data, at least v1.0 to extract, compressed size: 297, uncompressed size: 297, name: Ranks_Coven.cfg
2666924       0x28B1AC        Zip archive data, at least v1.0 to extract, compressed size: 330, uncompressed size: 330, name: Ranks_Cult.cfg
2667314       0x28B332        Zip archive data, at least v1.0 to extract, compressed size: 200, uncompressed size: 200, name: Ranks_Dwarves.cfg
2667577       0x28B439        Zip archive data, at least v1.0 to extract, compressed size: 259, uncompressed size: 259, name: Ranks_Heralds.cfg
2667899       0x28B57B        Zip archive data, at least v1.0 to extract, compressed size: 332, uncompressed size: 332, name: Ranks_HighCourt.cfg
2668296       0x28B708        Zip archive data, at least v1.0 to extract, compressed size: 336, uncompressed size: 336, name: Ranks_Mercenary.cfg
2668697       0x28B899        Zip archive data, at least v1.0 to extract, compressed size: 356, uncompressed size: 356, name: Ranks_Military.cfg
2669117       0x28BA3D        Zip archive data, at least v1.0 to extract, compressed size: 428, uncompressed size: 428, name: Ranks_Noble.cfg
2669606       0x28BC26        Zip archive data, at least v1.0 to extract, compressed size: 225, uncompressed size: 225, name: Ranks_Oblivion.cfg
2669895       0x28BD47        Zip archive data, at least v1.0 to extract, compressed size: 224, uncompressed size: 224, name: Ranks_Pirates.cfg
2670182       0x28BE66        Zip archive data, at least v1.0 to extract, compressed size: 304, uncompressed size: 304, name: Ranks_Ranger.cfg
2670548       0x28BFD4        Zip archive data, at least v1.0 to extract, compressed size: 389, uncompressed size: 389, name: Ranks_Templar.cfg
2671000       0x28C198        Zip archive data, at least v1.0 to extract, compressed size: 393, uncompressed size: 393, name: Ranks_Thieves.cfg
2671456       0x28C360        Zip archive data, at least v1.0 to extract, compressed size: 323, uncompressed size: 323, name: Ranks_Unholy.cfg
2671841       0x28C4E1        Zip archive data, at least v1.0 to extract, compressed size: 264, uncompressed size: 264, name: Ranks_Virakt.cfg
2672167       0x28C627        Zip archive data, at least v1.0 to extract, compressed size: 328, uncompressed size: 328, name: Ranks_Wizard.cfg
2672557       0x28C7AD        Zip archive data, at least v1.0 to extract, compressed size: 492, uncompressed size: 492, name: RecoveryRates.cfg
2673112       0x28C9D8        Zip archive data, at least v2.0 to extract, compressed size: 8393, uncompressed size: 8388, name: ResourceInfo.cfg
2681551       0x28EACF        Zip archive data, at least v1.0 to extract, compressed size: 778, uncompressed size: 778, name: SCREEN_ACCOUNTLOGIN.cfg
2682398       0x28EE1E        Zip archive data, at least v1.0 to extract, compressed size: 755, uncompressed size: 755, name: SCREEN_ACCOUNTLOGINXP.cfg
2683224       0x28F158        Zip archive data, at least v1.0 to extract, compressed size: 343, uncompressed size: 343, name: SCREEN_ATTEMPTGSLOGIN.cfg
2683638       0x28F2F6        Zip archive data, at least v1.0 to extract, compressed size: 345, uncompressed size: 345, name: SCREEN_ATTEMPTGSLOGINXP.cfg
2684056       0x28F498        Zip archive data, at least v1.0 to extract, compressed size: 323, uncompressed size: 323, name: SCREEN_ATTEMPTLOGIN.cfg
2684448       0x28F620        Zip archive data, at least v1.0 to extract, compressed size: 325, uncompressed size: 325, name: SCREEN_ATTEMPTLOGINXP.cfg
2684844       0x28F7AC        Zip archive data, at least v1.0 to extract, compressed size: 578, uncompressed size: 578, name: SCREEN_CHARCREATE.cfg
2685489       0x28FA31        Zip archive data, at least v1.0 to extract, compressed size: 365, uncompressed size: 365, name: SCREEN_CHARREQ.cfg
2685918       0x28FBDE        Zip archive data, at least v1.0 to extract, compressed size: 375, uncompressed size: 375, name: SCREEN_CHARSELECT.cfg
2686360       0x28FD98        Zip archive data, at least v1.0 to extract, compressed size: 650, uncompressed size: 650, name: SCREEN_CHARSELECTXP.cfg
2687079       0x290067        Zip archive data, at least v1.0 to extract, compressed size: 519, uncompressed size: 519, name: SCREEN_CREDITS.cfg
2687662       0x2902AE        Zip archive data, at least v1.0 to extract, compressed size: 392, uncompressed size: 392, name: SCREEN_CREDITSXP.cfg
2688120       0x290478        Zip archive data, at least v1.0 to extract, compressed size: 457, uncompressed size: 457, name: SCREEN_ENTERWORLD.cfg
2688644       0x290684        Zip archive data, at least v1.0 to extract, compressed size: 439, uncompressed size: 439, name: SCREEN_ENTERWORLDXP.cfg
2689152       0x290880        Zip archive data, at least v1.0 to extract, compressed size: 334, uncompressed size: 334, name: SCREEN_FINDGS.cfg
2689549       0x290A0D        Zip archive data, at least v1.0 to extract, compressed size: 336, uncompressed size: 336, name: SCREEN_FINDGSXP.cfg
2689950       0x290B9E        Zip archive data, at least v1.0 to extract, compressed size: 275, uncompressed size: 275, name: SCREEN_MIGRATEREQUESTXP.cfg
2690298       0x290CFA        Zip archive data, at least v1.0 to extract, compressed size: 1344, uncompressed size: 1344, name: SCREEN_NEWCHARCREATE.cfg
2691712       0x291280        Zip archive data, at least v1.0 to extract, compressed size: 1387, uncompressed size: 1387, name: SCREEN_NEWCHARCREATEXP.cfg
2693171       0x291833        Zip archive data, at least v1.0 to extract, compressed size: 730, uncompressed size: 730, name: SCREEN_SEATLOGIN.cfg
2693967       0x291B4F        Zip archive data, at least v1.0 to extract, compressed size: 416, uncompressed size: 416, name: SCREEN_SELECTCITY.cfg
2694450       0x291D32        Zip archive data, at least v1.0 to extract, compressed size: 420, uncompressed size: 420, name: SCREEN_SELECTCITYXP.cfg
2694939       0x291F1B        Zip archive data, at least v1.0 to extract, compressed size: 547, uncompressed size: 547, name: SCREEN_WORLDSEL.cfg
2695551       0x29217F        Zip archive data, at least v1.0 to extract, compressed size: 22825, uncompressed size: 22825, name: Skills.cfg
2718432       0x297AE0        Zip archive data, at least v1.0 to extract, compressed size: 1058, uncompressed size: 1058, name: SkyEnv.txt
2719546       0x297F3A        Zip archive data, at least v1.0 to extract, compressed size: 248, uncompressed size: 248, name: SoundCharStates.cfg
2719859       0x298073        Zip archive data, at least v2.0 to extract, compressed size: 79356, uncompressed size: 79341, name: SoundConfig.cfg
2799276       0x2AB6AC        Zip archive data, at least v1.0 to extract, compressed size: 1084, uncompressed size: 1084, name: SoundPlaylists.cfg
2800424       0x2ABB28        Zip archive data, at least v1.0 to extract, compressed size: 6946, uncompressed size: 6946, name: SoundTemplates.cfg
2807434       0x2AD68A        Zip archive data, at least v1.0 to extract, compressed size: 20092, uncompressed size: 20092, name: StartingKitTable.cfg
2827592       0x2B2548        Zip archive data, at least v1.0 to extract, compressed size: 9515, uncompressed size: 9515, name: ToOCredits.cfg
2837167       0x2B4AAF        Zip archive data, at least v2.0 to extract, compressed size: 40363, uncompressed size: 40353, name: ToolTips.cfg
2877588       0x2BE894        Zip archive data, at least v1.0 to extract, compressed size: 5204, uncompressed size: 5204, name: TradeSymbols.txt
2882854       0x2BFD26        Zip archive data, at least v1.0 to extract, compressed size: 9272, uncompressed size: 9272, name: XNames.cfg
2892182       0x2C2196        Zip archive data, at least v1.0 to extract, compressed size: 3664, uncompressed size: 3664, name: XPCredits.cfg
2907566       0x2C5DAE        End of Zip archive, footer length: 22

